<?xml version="1.0" encoding="UTF-8"?>
<testng-results ignored="0" total="3" passed="3" failed="0" skipped="0">
  <reporter-output>
  </reporter-output>
  <suite started-at="2024-12-12T23:13:19 IST" name="Suite" finished-at="2024-12-12T23:13:50 IST" duration-ms="31158">
    <groups>
    </groups>
    <test started-at="2024-12-12T23:13:19 IST" name="Test" finished-at="2024-12-12T23:13:50 IST" duration-ms="31158">
      <class name="testcases.VerifyLogin">
        <test-method is-config="true" signature="preCondition()[pri:0, instance:testcases.VerifyLogin@771a660]" started-at="2024-12-12T23:13:19 IST" name="preCondition" finished-at="2024-12-12T23:13:27 IST" duration-ms="7557" status="PASS">
          <reporter-output>
          </reporter-output>
        </test-method> <!-- preCondition -->
        <test-method signature="runVerifyLogin()[pri:0, instance:testcases.VerifyLogin@771a660]" started-at="2024-12-12T23:13:27 IST" name="runVerifyLogin" finished-at="2024-12-12T23:13:29 IST" duration-ms="2797" status="PASS">
          <reporter-output>
          </reporter-output>
        </test-method> <!-- runVerifyLogin -->
        <test-method is-config="true" signature="postcondition()[pri:0, instance:testcases.VerifyLogin@771a660]" started-at="2024-12-12T23:13:29 IST" name="postcondition" finished-at="2024-12-12T23:13:30 IST" duration-ms="247" status="PASS">
          <reporter-output>
          </reporter-output>
        </test-method> <!-- postcondition -->
      </class> <!-- testcases.VerifyLogin -->
      <class name="testcases.CreateLead">
        <test-method is-config="true" signature="setup()[pri:0, instance:testcases.CreateLead@46cdf8bd]" started-at="2024-12-12T23:13:19 IST" name="setup" finished-at="2024-12-12T23:13:19 IST" duration-ms="12" status="PASS">
          <reporter-output>
          </reporter-output>
        </test-method> <!-- setup -->
        <test-method is-config="true" signature="preCondition()[pri:0, instance:testcases.CreateLead@46cdf8bd]" started-at="2024-12-12T23:13:20 IST" name="preCondition" finished-at="2024-12-12T23:13:27 IST" duration-ms="6679" status="PASS">
          <reporter-output>
          </reporter-output>
        </test-method> <!-- preCondition -->
        <test-method signature="verifyCreateLead(java.lang.String,java.lang.String,java.lang.String)[pri:0, instance:testcases.CreateLead@46cdf8bd]" started-at="2024-12-12T23:13:27 IST" name="verifyCreateLead" data-provider="data1" finished-at="2024-12-12T23:13:35 IST" duration-ms="8806" status="PASS">
          <params>
            <param index="0">
              <value>
                <![CDATA[Apple]]>
              </value>
            </param>
            <param index="1">
              <value>
                <![CDATA[Stever]]>
              </value>
            </param>
            <param index="2">
              <value>
                <![CDATA[Job]]>
              </value>
            </param>
          </params>
          <reporter-output>
          </reporter-output>
        </test-method> <!-- verifyCreateLead -->
        <test-method is-config="true" signature="postcondition()[pri:0, instance:testcases.CreateLead@46cdf8bd]" started-at="2024-12-12T23:13:35 IST" name="postcondition" finished-at="2024-12-12T23:13:36 IST" duration-ms="200" status="PASS">
          <reporter-output>
          </reporter-output>
        </test-method> <!-- postcondition -->
        <test-method is-config="true" signature="preCondition()[pri:0, instance:testcases.CreateLead@46cdf8bd]" started-at="2024-12-12T23:13:36 IST" name="preCondition" finished-at="2024-12-12T23:13:41 IST" duration-ms="5836" status="PASS">
          <reporter-output>
          </reporter-output>
        </test-method> <!-- preCondition -->
        <test-method signature="verifyCreateLead(java.lang.String,java.lang.String,java.lang.String)[pri:0, instance:testcases.CreateLead@46cdf8bd]" started-at="2024-12-12T23:13:41 IST" name="verifyCreateLead" data-provider="data1" finished-at="2024-12-12T23:13:50 IST" duration-ms="8436" status="PASS">
          <params>
            <param index="0">
              <value>
                <![CDATA[Blackberry]]>
              </value>
            </param>
            <param index="1">
              <value>
                <![CDATA[Mike]]>
              </value>
            </param>
            <param index="2">
              <value>
                <![CDATA[Douglas]]>
              </value>
            </param>
          </params>
          <reporter-output>
          </reporter-output>
        </test-method> <!-- verifyCreateLead -->
        <test-method is-config="true" signature="postcondition()[pri:0, instance:testcases.CreateLead@46cdf8bd]" started-at="2024-12-12T23:13:50 IST" name="postcondition" finished-at="2024-12-12T23:13:50 IST" duration-ms="171" status="PASS">
          <reporter-output>
          </reporter-output>
        </test-method> <!-- postcondition -->
      </class> <!-- testcases.CreateLead -->
    </test> <!-- Test -->
  </suite> <!-- Suite -->
</testng-results>
