<?xml version="1.0" encoding="UTF-8"?>
<!-- Generated by org.testng.reporters.JUnitXMLReporter -->
<testsuite ignored="0" hostname="BLACKHOLE" failures="0" tests="3" name="Test" time="31.158" errors="0" timestamp="2024-12-12T23:13:50 IST">
  <testcase classname="testcases.VerifyLogin" name="runVerifyLogin" time="2.797"/>
  <testcase classname="testcases.CreateLead" name="verifyCreateLead" time="8.806"/>
  <testcase classname="testcases.CreateLead" name="verifyCreateLead" time="8.436"/>
</testsuite> <!-- Test -->
